<?xml version="1.0" encoding="UTF-8"?>
<coverage generated="1624913408819" clover="3.2.0">
  <project timestamp="1624913408819" name="All files">
    <metrics statements="77" coveredstatements="76" conditionals="33" coveredconditionals="28" methods="13" coveredmethods="13" elements="123" coveredelements="117" complexity="0" loc="77" ncloc="77" packages="2" files="4" classes="4"/>
    <package name="model">
      <metrics statements="5" coveredstatements="5" conditionals="2" coveredconditionals="2" methods="1" coveredmethods="1"/>
      <file name="instruction.ts" path="C:\Stefania\Repositories\JSEx\Coding\epam-coding-challenge\src\lib\model\instruction.ts">
        <metrics statements="5" coveredstatements="5" conditionals="2" coveredconditionals="2" methods="1" coveredmethods="1"/>
        <line num="1" count="1" type="cond" truecount="2" falsecount="0"/>
        <line num="2" count="1" type="stmt"/>
        <line num="3" count="1" type="stmt"/>
        <line num="4" count="1" type="stmt"/>
        <line num="5" count="1" type="stmt"/>
      </file>
    </package>
    <package name="services">
      <metrics statements="72" coveredstatements="71" conditionals="31" coveredconditionals="26" methods="12" coveredmethods="12"/>
      <file name="fileCommand.ts" path="C:\Stefania\Repositories\JSEx\Coding\epam-coding-challenge\src\lib\services\fileCommand.ts">
        <metrics statements="28" coveredstatements="27" conditionals="15" coveredconditionals="12" methods="2" coveredmethods="2"/>
        <line num="2" count="1" type="stmt"/>
        <line num="8" count="4" type="stmt"/>
        <line num="10" count="4" type="stmt"/>
        <line num="11" count="4" type="stmt"/>
        <line num="15" count="15" type="stmt"/>
        <line num="16" count="15" type="cond" truecount="2" falsecount="0"/>
        <line num="17" count="15" type="cond" truecount="2" falsecount="0"/>
        <line num="18" count="15" type="stmt"/>
        <line num="19" count="15" type="stmt"/>
        <line num="21" count="15" type="stmt"/>
        <line num="23" count="11" type="stmt"/>
        <line num="24" count="11" type="stmt"/>
        <line num="26" count="1" type="stmt"/>
        <line num="27" count="1" type="stmt"/>
        <line num="28" count="1" type="stmt"/>
        <line num="29" count="1" type="stmt"/>
        <line num="30" count="1" type="stmt"/>
        <line num="32" count="2" type="stmt"/>
        <line num="36" count="2" type="stmt"/>
        <line num="37" count="2" type="stmt"/>
        <line num="39" count="1" type="stmt"/>
        <line num="40" count="1" type="cond" truecount="1" falsecount="1"/>
        <line num="41" count="1" type="cond" truecount="1" falsecount="1"/>
        <line num="42" count="1" type="stmt"/>
        <line num="44" count="0" type="stmt"/>
        <line num="47" count="15" type="stmt"/>
        <line num="48" count="15" type="cond" truecount="2" falsecount="0"/>
        <line num="52" count="1" type="stmt"/>
      </file>
      <file name="folderManager.ts" path="C:\Stefania\Repositories\JSEx\Coding\epam-coding-challenge\src\lib\services\folderManager.ts">
        <metrics statements="36" coveredstatements="36" conditionals="16" coveredconditionals="14" methods="7" coveredmethods="7"/>
        <line num="4" count="2" type="stmt"/>
        <line num="6" count="12" type="stmt"/>
        <line num="7" count="12" type="stmt"/>
        <line num="8" count="12" type="stmt"/>
        <line num="9" count="20" type="cond" truecount="2" falsecount="0"/>
        <line num="10" count="20" type="stmt"/>
        <line num="11" count="20" type="cond" truecount="1" falsecount="1"/>
        <line num="14" count="12" type="stmt"/>
        <line num="18" count="2" type="stmt"/>
        <line num="19" count="2" type="stmt"/>
        <line num="20" count="2" type="stmt"/>
        <line num="24" count="4" type="stmt"/>
        <line num="25" count="4" type="stmt"/>
        <line num="26" count="22" type="cond" truecount="2" falsecount="0"/>
        <line num="28" count="4" type="stmt"/>
        <line num="32" count="2" type="stmt"/>
        <line num="34" count="2" type="cond" truecount="2" falsecount="0"/>
        <line num="35" count="1" type="stmt"/>
        <line num="36" count="1" type="stmt"/>
        <line num="39" count="1" type="stmt"/>
        <line num="40" count="1" type="stmt"/>
        <line num="41" count="1" type="stmt"/>
        <line num="45" count="8" type="stmt"/>
        <line num="46" count="8" type="stmt"/>
        <line num="47" count="8" type="stmt"/>
        <line num="48" count="8" type="stmt"/>
        <line num="49" count="8" type="stmt"/>
        <line num="50" count="8" type="cond" truecount="2" falsecount="0"/>
        <line num="51" count="1" type="stmt"/>
        <line num="53" count="7" type="cond" truecount="2" falsecount="0"/>
        <line num="54" count="3" type="cond" truecount="2" falsecount="0"/>
        <line num="55" count="3" type="cond" truecount="1" falsecount="1"/>
        <line num="58" count="4" type="stmt"/>
        <line num="59" count="4" type="stmt"/>
        <line num="60" count="4" type="stmt"/>
        <line num="61" count="4" type="stmt"/>
      </file>
      <file name="outputFileLog.ts" path="C:\Stefania\Repositories\JSEx\Coding\epam-coding-challenge\src\lib\services\outputFileLog.ts">
        <metrics statements="8" coveredstatements="8" conditionals="0" coveredconditionals="0" methods="3" coveredmethods="3"/>
        <line num="1" count="2" type="stmt"/>
        <line num="2" count="2" type="stmt"/>
        <line num="4" count="2" type="stmt"/>
        <line num="10" count="17" type="stmt"/>
        <line num="14" count="9" type="stmt"/>
        <line num="19" count="4" type="stmt"/>
        <line num="20" count="4" type="stmt"/>
        <line num="24" count="2" type="stmt"/>
      </file>
    </package>
  </project>
</coverage>
