{"C:\\Stefania\\Repositories\\JSEx\\Coding\\epam-coding-challenge\\src\\lib\\model\\instruction.ts": {"path":"C:\\Stefania\\Repositories\\JSEx\\Coding\\epam-coding-challenge\\src\\lib\\model\\instruction.ts","statementMap":{"0":{"start":{"line":1,"column":0},"end":{"line":1,"column":null}},"1":{"start":{"line":2,"column":4},"end":{"line":2,"column":null}},"2":{"start":{"line":3,"column":4},"end":{"line":3,"column":null}},"3":{"start":{"line":4,"column":4},"end":{"line":4,"column":null}},"4":{"start":{"line":5,"column":4},"end":{"line":5,"column":null}}},"fnMap":{"0":{"name":"(anonymous_0)","decl":{"start":{"line":1,"column":0},"end":{"line":1,"column":12}},"loc":{"start":{"line":1,"column":23},"end":{"line":6,"column":3}}}},"branchMap":{"0":{"loc":{"start":{"line":1,"column":12},"end":{"line":1,"column":23}},"type":"binary-expr","locations":[{"start":{"line":1,"column":12},"end":{"line":1,"column":23}},{"start":{"line":1,"column":12},"end":{"line":1,"column":null}}]}},"s":{"0":1,"1":1,"2":1,"3":1,"4":1},"f":{"0":1},"b":{"0":[1,1]}}
,"C:\\Stefania\\Repositories\\JSEx\\Coding\\epam-coding-challenge\\src\\lib\\services\\fileCommand.ts": {"path":"C:\\Stefania\\Repositories\\JSEx\\Coding\\epam-coding-challenge\\src\\lib\\services\\fileCommand.ts","statementMap":{"0":{"start":{"line":2,"column":0},"end":{"line":2,"column":51}},"1":{"start":{"line":8,"column":12},"end":{"line":8,"column":23}},"2":{"start":{"line":10,"column":8},"end":{"line":10,"column":44}},"3":{"start":{"line":11,"column":8},"end":{"line":11,"column":44}},"4":{"start":{"line":15,"column":19},"end":{"line":15,"column":41}},"5":{"start":{"line":16,"column":21},"end":{"line":16,"column":68}},"6":{"start":{"line":17,"column":19},"end":{"line":17,"column":66}},"7":{"start":{"line":18,"column":28},"end":{"line":18,"column":49}},"8":{"start":{"line":19,"column":21},"end":{"line":19,"column":25}},"9":{"start":{"line":21,"column":8},"end":{"line":45,"column":null}},"10":{"start":{"line":23,"column":16},"end":{"line":23,"column":65}},"11":{"start":{"line":24,"column":16},"end":{"line":24,"column":22}},"12":{"start":{"line":26,"column":29},"end":{"line":26,"column":88}},"13":{"start":{"line":27,"column":30},"end":{"line":27,"column":51}},"14":{"start":{"line":28,"column":16},"end":{"line":28,"column":81}},"15":{"start":{"line":29,"column":16},"end":{"line":29,"column":91}},"16":{"start":{"line":30,"column":16},"end":{"line":30,"column":22}},"17":{"start":{"line":32,"column":32},"end":{"line":35,"column":30}},"18":{"start":{"line":36,"column":16},"end":{"line":36,"column":35}},"19":{"start":{"line":37,"column":16},"end":{"line":37,"column":22}},"20":{"start":{"line":39,"column":31},"end":{"line":39,"column":81}},"21":{"start":{"line":40,"column":16},"end":{"line":40,"column":58}},"22":{"start":{"line":41,"column":16},"end":{"line":41,"column":78}},"23":{"start":{"line":41,"column":52},"end":{"line":41,"column":78}},"24":{"start":{"line":42,"column":16},"end":{"line":42,"column":22}},"25":{"start":{"line":44,"column":16},"end":{"line":44,"column":22}},"26":{"start":{"line":47,"column":8},"end":{"line":47,"column":53}},"27":{"start":{"line":48,"column":8},"end":{"line":48,"column":68}},"28":{"start":{"line":48,"column":28},"end":{"line":48,"column":68}},"29":{"start":{"line":52,"column":0},"end":{"line":52,"column":27}}},"fnMap":{"0":{"name":"(anonymous_0)","decl":{"start":{"line":9,"column":4},"end":{"line":9,"column":16}},"loc":{"start":{"line":9,"column":75},"end":{"line":12,"column":5}}},"1":{"name":"(anonymous_1)","decl":{"start":{"line":14,"column":11},"end":{"line":14,"column":25}},"loc":{"start":{"line":14,"column":37},"end":{"line":49,"column":5}}}},"branchMap":{"0":{"loc":{"start":{"line":16,"column":45},"end":{"line":16,"column":63}},"type":"cond-expr","locations":[{"start":{"line":16,"column":45},"end":{"line":16,"column":63}},{"start":{"line":16,"column":66},"end":{"line":16,"column":68}}]},"1":{"loc":{"start":{"line":17,"column":43},"end":{"line":17,"column":61}},"type":"cond-expr","locations":[{"start":{"line":17,"column":43},"end":{"line":17,"column":61}},{"start":{"line":17,"column":64},"end":{"line":17,"column":66}}]},"2":{"loc":{"start":{"line":22,"column":12},"end":{"line":24,"column":22}},"type":"switch","locations":[{"start":{"line":22,"column":12},"end":{"line":24,"column":22}},{"start":{"line":25,"column":12},"end":{"line":30,"column":22}},{"start":{"line":31,"column":12},"end":{"line":37,"column":22}},{"start":{"line":38,"column":12},"end":{"line":42,"column":22}},{"start":{"line":43,"column":12},"end":{"line":44,"column":22}}]},"3":{"loc":{"start":{"line":40,"column":29},"end":{"line":40,"column":43}},"type":"binary-expr","locations":[{"start":{"line":40,"column":29},"end":{"line":40,"column":43}},{"start":{"line":40,"column":47},"end":{"line":40,"column":57}}]},"4":{"loc":{"start":{"line":41,"column":16},"end":{"line":41,"column":78}},"type":"if","locations":[{"start":{"line":41,"column":16},"end":{"line":41,"column":78}},{"start":{"line":41,"column":16},"end":{"line":41,"column":78}}]},"5":{"loc":{"start":{"line":48,"column":8},"end":{"line":48,"column":68}},"type":"if","locations":[{"start":{"line":48,"column":8},"end":{"line":48,"column":68}},{"start":{"line":48,"column":8},"end":{"line":48,"column":68}}]}},"s":{"0":1,"1":4,"2":4,"3":4,"4":15,"5":15,"6":15,"7":15,"8":15,"9":15,"10":11,"11":11,"12":1,"13":1,"14":1,"15":1,"16":1,"17":2,"18":2,"19":2,"20":1,"21":1,"22":1,"23":0,"24":1,"25":0,"26":15,"27":15,"28":2,"29":1},"f":{"0":4,"1":15},"b":{"0":[1,14],"1":[13,2],"2":[11,1,2,1,0],"3":[1,0],"4":[0,1],"5":[2,13]}}
,"C:\\Stefania\\Repositories\\JSEx\\Coding\\epam-coding-challenge\\src\\lib\\services\\folderManager.ts": {"path":"C:\\Stefania\\Repositories\\JSEx\\Coding\\epam-coding-challenge\\src\\lib\\services\\folderManager.ts","statementMap":{"0":{"start":{"line":6,"column":19},"end":{"line":6,"column":26}},"1":{"start":{"line":7,"column":21},"end":{"line":7,"column":23}},"2":{"start":{"line":8,"column":8},"end":{"line":13,"column":11}},"3":{"start":{"line":9,"column":12},"end":{"line":9,"column":42}},"4":{"start":{"line":10,"column":12},"end":{"line":10,"column":30}},"5":{"start":{"line":11,"column":12},"end":{"line":11,"column":44}},"6":{"start":{"line":14,"column":8},"end":{"line":14,"column":22}},"7":{"start":{"line":18,"column":20},"end":{"line":18,"column":49}},"8":{"start":{"line":19,"column":8},"end":{"line":19,"column":69}},"9":{"start":{"line":20,"column":8},"end":{"line":20,"column":23}},"10":{"start":{"line":24,"column":24},"end":{"line":24,"column":47}},"11":{"start":{"line":25,"column":8},"end":{"line":27,"column":11}},"12":{"start":{"line":26,"column":12},"end":{"line":26,"column":51}},"13":{"start":{"line":26,"column":38},"end":{"line":26,"column":51}},"14":{"start":{"line":28,"column":8},"end":{"line":28,"column":23}},"15":{"start":{"line":32,"column":24},"end":{"line":32,"column":64}},"16":{"start":{"line":34,"column":8},"end":{"line":37,"column":null}},"17":{"start":{"line":35,"column":12},"end":{"line":35,"column":100}},"18":{"start":{"line":36,"column":12},"end":{"line":36,"column":29}},"19":{"start":{"line":39,"column":22},"end":{"line":39,"column":43}},"20":{"start":{"line":40,"column":8},"end":{"line":40,"column":60}},"21":{"start":{"line":41,"column":8},"end":{"line":41,"column":25}},"22":{"start":{"line":45,"column":18},"end":{"line":45,"column":20}},"23":{"start":{"line":46,"column":37},"end":{"line":46,"column":41}},"24":{"start":{"line":47,"column":19},"end":{"line":47,"column":21}},"25":{"start":{"line":48,"column":8},"end":{"line":48,"column":20}},"26":{"start":{"line":49,"column":8},"end":{"line":49,"column":34}},"27":{"start":{"line":50,"column":8},"end":{"line":51,"column":64}},"28":{"start":{"line":51,"column":12},"end":{"line":51,"column":64}},"29":{"start":{"line":53,"column":8},"end":{"line":56,"column":null}},"30":{"start":{"line":54,"column":12},"end":{"line":54,"column":65}},"31":{"start":{"line":54,"column":28},"end":{"line":54,"column":65}},"32":{"start":{"line":55,"column":12},"end":{"line":55,"column":83}},"33":{"start":{"line":58,"column":8},"end":{"line":58,"column":21}},"34":{"start":{"line":59,"column":25},"end":{"line":59,"column":39}},"35":{"start":{"line":60,"column":8},"end":{"line":60,"column":77}},"36":{"start":{"line":61,"column":8},"end":{"line":61,"column":22}},"37":{"start":{"line":4,"column":0},"end":{"line":4,"column":13}}},"fnMap":{"0":{"name":"(anonymous_0)","decl":{"start":{"line":5,"column":4},"end":{"line":5,"column":14}},"loc":{"start":{"line":5,"column":36},"end":{"line":15,"column":5}}},"1":{"name":"(anonymous_1)","decl":{"start":{"line":8,"column":21},"end":{"line":8,"column":22}},"loc":{"start":{"line":8,"column":30},"end":{"line":13,"column":9}}},"2":{"name":"(anonymous_2)","decl":{"start":{"line":17,"column":4},"end":{"line":17,"column":12}},"loc":{"start":{"line":17,"column":66},"end":{"line":21,"column":5}}},"3":{"name":"(anonymous_3)","decl":{"start":{"line":23,"column":4},"end":{"line":23,"column":14}},"loc":{"start":{"line":23,"column":48},"end":{"line":29,"column":5}}},"4":{"name":"(anonymous_4)","decl":{"start":{"line":25,"column":40},"end":{"line":25,"column":41}},"loc":{"start":{"line":25,"column":55},"end":{"line":27,"column":9}}},"5":{"name":"(anonymous_5)","decl":{"start":{"line":31,"column":4},"end":{"line":31,"column":16}},"loc":{"start":{"line":31,"column":44},"end":{"line":42,"column":5}}},"6":{"name":"(anonymous_6)","decl":{"start":{"line":44,"column":4},"end":{"line":44,"column":18}},"loc":{"start":{"line":44,"column":71},"end":{"line":62,"column":5}}}},"branchMap":{"0":{"loc":{"start":{"line":9,"column":25},"end":{"line":9,"column":35}},"type":"binary-expr","locations":[{"start":{"line":9,"column":25},"end":{"line":9,"column":35}},{"start":{"line":9,"column":39},"end":{"line":9,"column":41}}]},"1":{"loc":{"start":{"line":11,"column":31},"end":{"line":11,"column":35}},"type":"binary-expr","locations":[{"start":{"line":11,"column":31},"end":{"line":11,"column":35}},{"start":{"line":11,"column":39},"end":{"line":11,"column":41}}]},"2":{"loc":{"start":{"line":26,"column":12},"end":{"line":26,"column":51}},"type":"if","locations":[{"start":{"line":26,"column":12},"end":{"line":26,"column":51}},{"start":{"line":26,"column":12},"end":{"line":26,"column":51}}]},"3":{"loc":{"start":{"line":34,"column":8},"end":{"line":37,"column":null}},"type":"if","locations":[{"start":{"line":34,"column":8},"end":{"line":37,"column":null}},{"start":{"line":34,"column":8},"end":{"line":37,"column":null}}]},"4":{"loc":{"start":{"line":50,"column":8},"end":{"line":51,"column":64}},"type":"if","locations":[{"start":{"line":50,"column":8},"end":{"line":51,"column":64}},{"start":{"line":50,"column":8},"end":{"line":51,"column":64}}]},"5":{"loc":{"start":{"line":53,"column":8},"end":{"line":56,"column":null}},"type":"if","locations":[{"start":{"line":53,"column":8},"end":{"line":56,"column":null}},{"start":{"line":53,"column":8},"end":{"line":56,"column":null}}]},"6":{"loc":{"start":{"line":54,"column":12},"end":{"line":54,"column":65}},"type":"if","locations":[{"start":{"line":54,"column":12},"end":{"line":54,"column":65}},{"start":{"line":54,"column":12},"end":{"line":54,"column":65}}]},"7":{"loc":{"start":{"line":55,"column":54},"end":{"line":55,"column":57}},"type":"binary-expr","locations":[{"start":{"line":55,"column":54},"end":{"line":55,"column":57}},{"start":{"line":55,"column":61},"end":{"line":55,"column":63}}]}},"s":{"0":12,"1":12,"2":12,"3":20,"4":20,"5":20,"6":12,"7":2,"8":2,"9":2,"10":4,"11":4,"12":22,"13":18,"14":4,"15":2,"16":2,"17":1,"18":1,"19":1,"20":1,"21":1,"22":8,"23":8,"24":8,"25":8,"26":8,"27":8,"28":1,"29":7,"30":3,"31":1,"32":3,"33":4,"34":4,"35":4,"36":4,"37":2},"f":{"0":12,"1":20,"2":2,"3":4,"4":22,"5":2,"6":8},"b":{"0":[20,13],"1":[20,0],"2":[18,4],"3":[1,1],"4":[1,7],"5":[3,4],"6":[1,2],"7":[3,0]}}
,"C:\\Stefania\\Repositories\\JSEx\\Coding\\epam-coding-challenge\\src\\lib\\services\\outputFileLog.ts": {"path":"C:\\Stefania\\Repositories\\JSEx\\Coding\\epam-coding-challenge\\src\\lib\\services\\outputFileLog.ts","statementMap":{"0":{"start":{"line":1,"column":0},"end":{"line":1,"column":26}},"1":{"start":{"line":2,"column":0},"end":{"line":2,"column":27}},"2":{"start":{"line":4,"column":11},"end":{"line":4,"column":39}},"3":{"start":{"line":10,"column":8},"end":{"line":10,"column":49}},"4":{"start":{"line":14,"column":8},"end":{"line":14,"column":33}},"5":{"start":{"line":19,"column":8},"end":{"line":19,"column":48}},"6":{"start":{"line":20,"column":8},"end":{"line":20,"column":20}},"7":{"start":{"line":24,"column":0},"end":{"line":24,"column":29}}},"fnMap":{"0":{"name":"(anonymous_0)","decl":{"start":{"line":9,"column":11},"end":{"line":9,"column":22}},"loc":{"start":{"line":9,"column":37},"end":{"line":11,"column":5}}},"1":{"name":"(anonymous_1)","decl":{"start":{"line":13,"column":11},"end":{"line":13,"column":20}},"loc":{"start":{"line":13,"column":20},"end":{"line":15,"column":5}}},"2":{"name":"(anonymous_2)","decl":{"start":{"line":17,"column":11},"end":{"line":17,"column":19}},"loc":{"start":{"line":17,"column":19},"end":{"line":21,"column":5}}}},"branchMap":{},"s":{"0":2,"1":2,"2":2,"3":17,"4":9,"5":4,"6":4,"7":2},"f":{"0":17,"1":9,"2":4},"b":{}}
}
