TN:
SF:src\lib\model\instruction.ts
FN:1,(anonymous_0)
FNF:1
FNH:1
FNDA:1,(anonymous_0)
DA:1,1
DA:2,1
DA:3,1
DA:4,1
DA:5,1
LF:5
LH:5
BRDA:1,0,0,1
BRDA:1,0,1,1
BRF:2
BRH:2
end_of_record
TN:
SF:src\lib\services\fileCommand.ts
FN:9,(anonymous_0)
FN:14,(anonymous_1)
FNF:2
FNH:2
FNDA:4,(anonymous_0)
FNDA:15,(anonymous_1)
DA:2,1
DA:8,4
DA:10,4
DA:11,4
DA:15,15
DA:16,15
DA:17,15
DA:18,15
DA:19,15
DA:21,15
DA:23,11
DA:24,11
DA:26,1
DA:27,1
DA:28,1
DA:29,1
DA:30,1
DA:32,2
DA:36,2
DA:37,2
DA:39,1
DA:40,1
DA:41,1
DA:42,1
DA:44,0
DA:47,15
DA:48,15
DA:52,1
LF:28
LH:27
BRDA:16,0,0,1
BRDA:16,0,1,14
BRDA:17,1,0,13
BRDA:17,1,1,2
BRDA:22,2,0,11
BRDA:22,2,1,1
BRDA:22,2,2,2
BRDA:22,2,3,1
BRDA:22,2,4,0
BRDA:40,3,0,1
BRDA:40,3,1,0
BRDA:41,4,0,0
BRDA:41,4,1,1
BRDA:48,5,0,2
BRDA:48,5,1,13
BRF:15
BRH:12
end_of_record
TN:
SF:src\lib\services\folderManager.ts
FN:5,(anonymous_0)
FN:8,(anonymous_1)
FN:17,(anonymous_2)
FN:23,(anonymous_3)
FN:25,(anonymous_4)
FN:31,(anonymous_5)
FN:44,(anonymous_6)
FNF:7
FNH:7
FNDA:12,(anonymous_0)
FNDA:20,(anonymous_1)
FNDA:2,(anonymous_2)
FNDA:4,(anonymous_3)
FNDA:22,(anonymous_4)
FNDA:2,(anonymous_5)
FNDA:8,(anonymous_6)
DA:4,2
DA:6,12
DA:7,12
DA:8,12
DA:9,20
DA:10,20
DA:11,20
DA:14,12
DA:18,2
DA:19,2
DA:20,2
DA:24,4
DA:25,4
DA:26,22
DA:28,4
DA:32,2
DA:34,2
DA:35,1
DA:36,1
DA:39,1
DA:40,1
DA:41,1
DA:45,8
DA:46,8
DA:47,8
DA:48,8
DA:49,8
DA:50,8
DA:51,1
DA:53,7
DA:54,3
DA:55,3
DA:58,4
DA:59,4
DA:60,4
DA:61,4
LF:36
LH:36
BRDA:9,0,0,20
BRDA:9,0,1,13
BRDA:11,1,0,20
BRDA:11,1,1,0
BRDA:26,2,0,18
BRDA:26,2,1,4
BRDA:34,3,0,1
BRDA:34,3,1,1
BRDA:50,4,0,1
BRDA:50,4,1,7
BRDA:53,5,0,3
BRDA:53,5,1,4
BRDA:54,6,0,1
BRDA:54,6,1,2
BRDA:55,7,0,3
BRDA:55,7,1,0
BRF:16
BRH:14
end_of_record
TN:
SF:src\lib\services\outputFileLog.ts
FN:9,(anonymous_0)
FN:13,(anonymous_1)
FN:17,(anonymous_2)
FNF:3
FNH:3
FNDA:17,(anonymous_0)
FNDA:9,(anonymous_1)
FNDA:4,(anonymous_2)
DA:1,2
DA:2,2
DA:4,2
DA:10,17
DA:14,9
DA:19,4
DA:20,4
DA:24,2
LF:8
LH:8
BRF:0
BRH:0
end_of_record
